\BOOKMARK [0][-]{chapter*.2}{\376\377\000I\000n\000t\000r\000o\000d\000u\000c\000t\000i\000o\000n}{}% 1
\BOOKMARK [0][-]{chapter.1}{\376\377\000K\000o\001\102\000o\000s\000-\000W\000o\000l\000n\000i\000e\000w\000i\000c\000z\000\040\000b\000a\000s\000i\000s\000\040\000a\000n\000d\000\040\000t\000h\000e\000\040\000T\000E\000X\000T\000\040\000f\000u\000n\000c\000t\000i\000o\000n\000\040\000f\000o\000r\000m\000a\000l\000i\000s\000m}{}% 2
\BOOKMARK [1][-]{section.1.1}{\376\377\000D\000e\000s\000c\000r\000i\000p\000t\000i\000o\000n\000\040\000o\000f\000\040\000t\000h\000e\000\040\000s\000y\000s\000t\000e\000m}{chapter.1}% 3
\BOOKMARK [1][-]{section.1.2}{\376\377\000K\000o\001\102\000o\000s\000-\000W\000o\000l\000n\000i\000e\000w\000i\000c\000z\000\040\000b\000a\000s\000i\000s}{chapter.1}% 4
\BOOKMARK [2][-]{subsection.1.2.1}{\376\377\000D\000e\000s\000c\000r\000i\000p\000t\000i\000o\000n\000\040\000o\000f\000\040\000t\000h\000e\000\040\000b\000a\000s\000i\000s}{section.1.2}% 5
\BOOKMARK [2][-]{subsection.1.2.2}{\376\377\000I\000n\000t\000e\000r\000p\000r\000e\000t\000a\000t\000i\000o\000n\000\040\000o\000f\000\040\000t\000h\000e\000\040\000l\000i\000n\000e\000a\000r\000\040\000c\000o\000m\000b\000i\000n\000a\000t\000i\000o\000n\000s\000\040\000o\000f\000\040\000i\000n\000t\000e\000r\000e\000l\000e\000c\000t\000r\000o\000n\000i\000c\000\040\000c\000o\000o\000r\000d\000i\000n\000a\000t\000e\000s}{section.1.2}% 6
\BOOKMARK [1][-]{section.1.3}{\376\377\000M\000a\000s\000t\000e\000r\000\040\000i\000n\000t\000e\000g\000r\000a\000l\000\040\000a\000n\000d\000\040\000t\000h\000e\000\040\000T\000E\000X\000T\000\040\000f\000u\000n\000c\000t\000i\000o\000n\000s}{chapter.1}% 7
\BOOKMARK [1][-]{section.1.4}{\376\377\000M\000e\000t\000h\000o\000d\000\040\000o\000f\000\040\000c\000a\000l\000c\000u\000l\000a\000t\000i\000n\000g\000\040\000t\000h\000e\000\040\000T\000E\000X\000T\000\040\000f\000u\000n\000c\000t\000i\000o\000n\000s}{chapter.1}% 8
\BOOKMARK [0][-]{chapter.2}{\376\377\000H\0002\000S\000O\000L\000V}{}% 9
\BOOKMARK [1][-]{section.2.1}{\376\377\000A\000l\000g\000o\000r\000i\000t\000h\000m\000i\000c\000\040\000d\000e\000s\000c\000r\000i\000p\000t\000i\000o\000n\000\040\000o\000f\000\040\000t\000h\000e\000\040\000p\000r\000o\000g\000r\000a\000m}{chapter.2}% 10
\BOOKMARK [1][-]{section.2.2}{\376\377\000J\000a\000m\000e\000s\000-\000C\000o\000o\000l\000i\000d\000g\000e}{chapter.2}% 11
\BOOKMARK [1][-]{section.2.3}{\376\377\000I\000o\000n\000i\000c}{chapter.2}% 12
\BOOKMARK [0][-]{chapter.3}{\376\377\000E\000l\000e\000c\000t\000r\000i\000c\000\040\000d\000i\000p\000o\000l\000e\000\040\000m\000o\000m\000e\000n\000t}{}% 13
\BOOKMARK [0][-]{chapter.4}{\376\377\000E\000x\000a\000m\000p\000l\000e\000\040\000c\000a\000l\000c\000u\000l\000a\000t\000i\000o\000n\000s\000\040\000f\000o\000r\000\040\000t\000h\000e\000\040\000T\000E\000X\000T\000\040\000m\000o\000l\000e\000c\000u\000l\000e}{}% 14
\BOOKMARK [1][-]{section.4.1}{\376\377\000D\000e\000s\000c\000r\000i\000p\000t\000i\000o\000n\000\040\000o\000f\000\040\000t\000h\000e\000\040\000s\000y\000s\000t\000e\000m}{chapter.4}% 15
\BOOKMARK [1][-]{section.4.2}{\376\377\000C\000a\000l\000c\000u\000l\000a\000t\000e\000d\000\040\000q\000u\000a\000n\000t\000i\000t\000i\000e\000s}{chapter.4}% 16
\BOOKMARK [1][-]{section.4.3}{\376\377\000E\000x\000p\000e\000c\000t\000e\000d\000\040\000b\000e\000h\000a\000v\000i\000o\000r\000\040\000o\000f\000\040\000t\000h\000e\000\040\000s\000y\000s\000t\000e\000m}{chapter.4}% 17
\BOOKMARK [2][-]{subsection.4.3.1}{\376\377\000G\000r\000o\000u\000n\000d\000\040\000s\000t\000a\000t\000e\000\040\000e\000n\000e\000r\000g\000y}{section.4.3}% 18
\BOOKMARK [2][-]{subsection.4.3.2}{\376\377\000P\000e\000r\000m\000a\000n\000e\000n\000t\000\040\000m\000o\000m\000e\000n\000t}{section.4.3}% 19
\BOOKMARK [0][-]{chapter.5}{\376\377\000R\000e\000s\000u\000l\000t\000s}{}% 20
\BOOKMARK [1][-]{section.5.1}{\376\377\000F\000i\000n\000a\000l\000\040\000v\000a\000l\000u\000e\000s\000\040\000a\000n\000d\000\040\000t\000h\000e\000i\000r\000\040\000u\000n\000c\000e\000r\000t\000a\000i\000n\000t\000i\000e\000s}{chapter.5}% 21
\BOOKMARK [2][-]{subsection.5.1.1}{\376\377\000E\000n\000e\000r\000g\000y}{section.5.1}% 22
\BOOKMARK [2][-]{subsection.5.1.2}{\376\377\000T\000r\000a\000n\000s\000i\000t\000i\000o\000n\000a\000l\000\040\000m\000o\000m\000e\000n\000t}{section.5.1}% 23
\BOOKMARK [1][-]{section.5.2}{\376\377\000C\000a\000l\000c\000u\000l\000a\000t\000e\000d\000\040\000v\000a\000l\000u\000e\000s}{chapter.5}% 24
\BOOKMARK [2][-]{subsection.5.2.1}{\376\377\000E\000n\000e\000r\000g\000y}{section.5.2}% 25
\BOOKMARK [2][-]{subsection.5.2.2}{\376\377\000T\000r\000a\000n\000s\000i\000t\000i\000o\000n\000a\000l\000\040\000m\000o\000m\000e\000n\000t}{section.5.2}% 26
\BOOKMARK [0][-]{chapter.6}{\376\377\000W\000a\000v\000e\000\040\000f\000u\000n\000c\000t\000i\000o\000n\000s}{}% 27
\BOOKMARK [1][-]{section.6.1}{\376\377\000P\000l\000o\000t\000s\000\040\000o\000f\000\040\000t\000h\000e\000\040\000w\000a\000v\000e\000\040\000f\000u\000n\000c\000t\000i\000o\000n\000s}{chapter.6}% 28
\BOOKMARK [1][-]{section.6.2}{\376\377\000N\000o\000n\000-\000l\000i\000n\000e\000a\000r\000\040\000p\000a\000r\000a\000m\000e\000t\000e\000r\000s}{chapter.6}% 29
\BOOKMARK [1][-]{section.6.3}{\376\377\000D\000i\000s\000c\000o\000n\000t\000i\000n\000u\000i\000t\000y\000\040\000o\000f\000\040\000t\000h\000e\000\040\000f\000i\000r\000s\000t\000\040\000d\000e\000r\000i\000v\000a\000t\000i\000v\000e}{chapter.6}% 30
\BOOKMARK [0][-]{chapter*.3}{\376\377\000S\000u\000m\000m\000a\000r\000y}{}% 31
