This is pdfTeX, Version 3.141592653-2.6-1.40.23 (TeX Live 2021/W32TeX) (preloaded format=pdflatex 2022.2.24)  27 SEP 2022 11:23
entering extended mode
 restricted \write18 enabled.
 file:line:error style messages enabled.
 %&-line parsing enabled.
**c:/Users/wojte/OneDrive/Dokumenty/stoodia/licencjat/manu/thesis.tex
(c:/Users/wojte/OneDrive/Dokumenty/stoodia/licencjat/manu/thesis.tex
LaTeX2e <2021-11-15> patch level 1
L3 programming layer <2022-02-21> (./pracalicmgr.cls
Document Class: pracalicmgr 
(c:/texlive/2021/texmf-dist/tex/latex/base/report.cls
Document Class: report 2021/10/04 v1.4n Standard LaTeX document class
(c:/texlive/2021/texmf-dist/tex/latex/base/size11.clo
File: size11.clo 2021/10/04 v1.4n Standard LaTeX file (size option)
)
\c@part=\count185
\c@chapter=\count186
\c@section=\count187
\c@subsection=\count188
\c@subsubsection=\count189
\c@paragraph=\count190
\c@subparagraph=\count191
\c@figure=\count192
\c@table=\count193
\abovecaptionskip=\skip47
\belowcaptionskip=\skip48
\bibindent=\dimen138
)) (c:/texlive/2021/texmf-dist/tex/latex/base/inputenc.sty
Package: inputenc 2021/02/14 v1.3d Input encoding file
\inpenc@prehook=\toks16
\inpenc@posthook=\toks17
) (c:/texlive/2021/texmf-dist/tex/latex/graphics/graphicx.sty
Package: graphicx 2021/09/16 v1.2d Enhanced LaTeX Graphics (DPC,SPQR)
 (c:/texlive/2021/texmf-dist/tex/latex/graphics/keyval.sty
Package: keyval 2014/10/28 v1.15 key=value parser (DPC)
\KV@toks@=\toks18
) (c:/texlive/2021/texmf-dist/tex/latex/graphics/graphics.sty
Package: graphics 2021/03/04 v1.4d Standard LaTeX Graphics (DPC,SPQR)
 (c:/texlive/2021/texmf-dist/tex/latex/graphics/trig.sty
Package: trig 2021/08/11 v1.11 sin cos tan (DPC)
) (c:/texlive/2021/texmf-dist/tex/latex/graphics-cfg/graphics.cfg
File: graphics.cfg 2016/06/04 v1.11 sample graphics configuration
)
Package graphics Info: Driver file: pdftex.def on input line 107.
 (c:/texlive/2021/texmf-dist/tex/latex/graphics-def/pdftex.def
File: pdftex.def 2020/10/05 v1.2a Graphics/color driver for pdftex
))
\Gin@req@height=\dimen139
\Gin@req@width=\dimen140
) (c:/texlive/2021/texmf-dist/tex/latex/base/textcomp.sty
Package: textcomp 2020/02/02 v2.0n Standard LaTeX package
) (c:/texlive/2021/texmf-dist/tex/latex/titlesec/titlesec.sty
Package: titlesec 2021/07/05 v2.14 Sectioning titles
\ttl@box=\box50
\beforetitleunit=\skip49
\aftertitleunit=\skip50
\ttl@plus=\dimen141
\ttl@minus=\dimen142
\ttl@toksa=\toks19
\titlewidth=\dimen143
\titlewidthlast=\dimen144
\titlewidthfirst=\dimen145
) (c:/texlive/2021/texmf-dist/tex/latex/base/fontenc.sty
Package: fontenc 2021/04/29 v2.0v Standard LaTeX package
) (c:/texlive/2021/texmf-dist/tex/latex/float/float.sty
Package: float 2001/11/08 v1.3d Float enhancements (AL)
\c@float@type=\count194
\float@exts=\toks20
\float@box=\box51
\@float@everytoks=\toks21
\@floatcapt=\box52
) (c:/texlive/2021/texmf-dist/tex/generic/babel/babel.sty
Package: babel 2022/02/13 3.71 The Babel package
\babel@savecnt=\count195
\U@D=\dimen146
\l@unhyphenated=\language87
 (c:/texlive/2021/texmf-dist/tex/generic/babel/txtbabel.def)
\bbl@readstream=\read2
\bbl@dirlevel=\count196
 (c:/texlive/2021/texmf-dist/tex/generic/babel-english/english.ldf
Language: english 2017/06/06 v3.3r English support from the babel system
Package babel Info: Hyphen rules for 'canadian' set to \l@english
(babel)             (\language0). Reported on input line 102.
Package babel Info: Hyphen rules for 'australian' set to \l@ukenglish
(babel)             (\language21). Reported on input line 105.
Package babel Info: Hyphen rules for 'newzealand' set to \l@ukenglish
(babel)             (\language21). Reported on input line 108.
)) (c:/texlive/2021/texmf-dist/tex/latex/was/gensymb.sty
Package: gensymb 2003/07/02 v1.0 (WaS)
) (c:/texlive/2021/texmf-dist/tex/latex/enumitem/enumitem.sty
Package: enumitem 2019/06/20 v3.9 Customized lists
\labelindent=\skip51
\enit@outerparindent=\dimen147
\enit@toks=\toks22
\enit@inbox=\box53
\enit@count@id=\count197
\enitdp@description=\count198
) (c:/texlive/2021/texmf-dist/tex/latex/chngcntr/chngcntr.sty
Package: chngcntr 2018/04/09 v1.1a change counter resetting
Package chngcntr Info: \counterwithout already defined.
(chngcntr)             Quitting chngcntr on input line 21.
) (c:/texlive/2021/texmf-dist/tex/latex/epstopdf-pkg/epstopdf.sty
Package: epstopdf 2020-01-24 v2.11 Conversion with epstopdf on the fly (HO)
 (c:/texlive/2021/texmf-dist/tex/generic/infwarerr/infwarerr.sty
Package: infwarerr 2019/12/03 v1.5 Providing info/warning/error messages (HO)
) (c:/texlive/2021/texmf-dist/tex/latex/grfext/grfext.sty
Package: grfext 2019/12/03 v1.3 Manage graphics extensions (HO)
 (c:/texlive/2021/texmf-dist/tex/generic/kvdefinekeys/kvdefinekeys.sty
Package: kvdefinekeys 2019-12-19 v1.6 Define keys (HO)
)) (c:/texlive/2021/texmf-dist/tex/latex/kvoptions/kvoptions.sty
Package: kvoptions 2020-10-07 v3.14 Key value format for package options (HO)
 (c:/texlive/2021/texmf-dist/tex/generic/ltxcmds/ltxcmds.sty
Package: ltxcmds 2020-05-10 v1.25 LaTeX kernel commands for general use (HO)
) (c:/texlive/2021/texmf-dist/tex/generic/kvsetkeys/kvsetkeys.sty
Package: kvsetkeys 2019/12/15 v1.18 Key value parser (HO)
)) (c:/texlive/2021/texmf-dist/tex/generic/pdftexcmds/pdftexcmds.sty
Package: pdftexcmds 2020-06-27 v0.33 Utility functions of pdfTeX for LuaTeX (HO)
 (c:/texlive/2021/texmf-dist/tex/generic/iftex/iftex.sty
Package: iftex 2022/02/03 v1.0f TeX engine tests
)
Package pdftexcmds Info: \pdf@primitive is available.
Package pdftexcmds Info: \pdf@ifprimitive is available.
Package pdftexcmds Info: \pdfdraftmode found.
) (c:/texlive/2021/texmf-dist/tex/latex/epstopdf-pkg/epstopdf-base.sty
Package: epstopdf-base 2020-01-24 v2.11 Base part for package epstopdf
Package epstopdf-base Info: Redefining graphics rule for `.eps' on input line 485.
Package grfext Info: Graphics extension search list:
(grfext)             [.pdf,.png,.jpg,.mps,.jpeg,.jbig2,.jb2,.PDF,.PNG,.JPG,.JPEG,.JBIG2,.JB2,.eps]
(grfext)             \AppendGraphicsExtensions on input line 504.
 (c:/texlive/2021/texmf-dist/tex/latex/latexconfig/epstopdf-sys.cfg
File: epstopdf-sys.cfg 2010/07/13 v1.3 Configuration of (r)epstopdf for TeX Live
))) (c:/texlive/2021/texmf-dist/tex/latex/graphics/color.sty
Package: color 2021/12/07 v1.3c Standard LaTeX Color (DPC)
 (c:/texlive/2021/texmf-dist/tex/latex/graphics-cfg/color.cfg
File: color.cfg 2016/01/02 v1.6 sample color configuration
)
Package color Info: Driver file: pdftex.def on input line 149.
) (c:/texlive/2021/texmf-dist/tex/latex/tools/indentfirst.sty
Package: indentfirst 1995/11/23 v1.03 Indent first paragraph (DPC)
) (c:/texlive/2021/texmf-dist/tex/latex/mathtools/mathtools.sty
Package: mathtools 2022/02/07 v1.28a mathematical typesetting tools
 (c:/texlive/2021/texmf-dist/tex/latex/tools/calc.sty
Package: calc 2017/05/25 v4.3 Infix arithmetic (KKT,FJ)
\calc@Acount=\count199
\calc@Bcount=\count266
\calc@Adimen=\dimen148
\calc@Bdimen=\dimen149
\calc@Askip=\skip52
\calc@Bskip=\skip53
LaTeX Info: Redefining \setlength on input line 80.
LaTeX Info: Redefining \addtolength on input line 81.
\calc@Ccount=\count267
\calc@Cskip=\skip54
) (c:/texlive/2021/texmf-dist/tex/latex/mathtools/mhsetup.sty
Package: mhsetup 2021/03/18 v1.4 programming setup (MH)
) (c:/texlive/2021/texmf-dist/tex/latex/amsmath/amsmath.sty
Package: amsmath 2021/10/15 v2.17l AMS math features
\@mathmargin=\skip55

For additional information on amsmath, use the `?' option.
(c:/texlive/2021/texmf-dist/tex/latex/amsmath/amstext.sty
Package: amstext 2021/08/26 v2.01 AMS text
 (c:/texlive/2021/texmf-dist/tex/latex/amsmath/amsgen.sty
File: amsgen.sty 1999/11/30 v2.0 generic functions
\@emptytoks=\toks23
\ex@=\dimen150
)) (c:/texlive/2021/texmf-dist/tex/latex/amsmath/amsbsy.sty
Package: amsbsy 1999/11/29 v1.2d Bold Symbols
\pmbraise@=\dimen151
) (c:/texlive/2021/texmf-dist/tex/latex/amsmath/amsopn.sty
Package: amsopn 2021/08/26 v2.02 operator names
)
\inf@bad=\count268
LaTeX Info: Redefining \frac on input line 234.
\uproot@=\count269
\leftroot@=\count270
LaTeX Info: Redefining \overline on input line 399.
\classnum@=\count271
\DOTSCASE@=\count272
LaTeX Info: Redefining \ldots on input line 496.
LaTeX Info: Redefining \dots on input line 499.
LaTeX Info: Redefining \cdots on input line 620.
\Mathstrutbox@=\box54
\strutbox@=\box55
\big@size=\dimen152
LaTeX Font Info:    Redeclaring font encoding OML on input line 743.
LaTeX Font Info:    Redeclaring font encoding OMS on input line 744.
\macc@depth=\count273
\c@MaxMatrixCols=\count274
\dotsspace@=\muskip16
\c@parentequation=\count275
\dspbrk@lvl=\count276
\tag@help=\toks24
\row@=\count277
\column@=\count278
\maxfields@=\count279
\andhelp@=\toks25
\eqnshift@=\dimen153
\alignsep@=\dimen154
\tagshift@=\dimen155
\tagwidth@=\dimen156
\totwidth@=\dimen157
\lineht@=\dimen158
\@envbody=\toks26
\multlinegap=\skip56
\multlinetaggap=\skip57
\mathdisplay@stack=\toks27
LaTeX Info: Redefining \[ on input line 2938.
LaTeX Info: Redefining \] on input line 2939.
)
\g_MT_multlinerow_int=\count280
\l_MT_multwidth_dim=\dimen159
\origjot=\skip58
\l_MT_shortvdotswithinadjustabove_dim=\dimen160
\l_MT_shortvdotswithinadjustbelow_dim=\dimen161
\l_MT_above_intertext_sep=\dimen162
\l_MT_below_intertext_sep=\dimen163
\l_MT_above_shortintertext_sep=\dimen164
\l_MT_below_shortintertext_sep=\dimen165
\xmathstrut@box=\box56
\xmathstrut@dim=\dimen166
) (c:/texlive/2021/texmf-dist/tex/latex/lm/lmodern.sty
Package: lmodern 2015/05/01 v1.6.1 Latin Modern Fonts
LaTeX Font Info:    Overwriting symbol font `operators' in version `normal'
(Font)                  OT1/cmr/m/n --> OT1/lmr/m/n on input line 22.
LaTeX Font Info:    Overwriting symbol font `letters' in version `normal'
(Font)                  OML/cmm/m/it --> OML/lmm/m/it on input line 23.
LaTeX Font Info:    Overwriting symbol font `symbols' in version `normal'
(Font)                  OMS/cmsy/m/n --> OMS/lmsy/m/n on input line 24.
LaTeX Font Info:    Overwriting symbol font `largesymbols' in version `normal'
(Font)                  OMX/cmex/m/n --> OMX/lmex/m/n on input line 25.
LaTeX Font Info:    Overwriting symbol font `operators' in version `bold'
(Font)                  OT1/cmr/bx/n --> OT1/lmr/bx/n on input line 26.
LaTeX Font Info:    Overwriting symbol font `letters' in version `bold'
(Font)                  OML/cmm/b/it --> OML/lmm/b/it on input line 27.
LaTeX Font Info:    Overwriting symbol font `symbols' in version `bold'
(Font)                  OMS/cmsy/b/n --> OMS/lmsy/b/n on input line 28.
LaTeX Font Info:    Overwriting symbol font `largesymbols' in version `bold'
(Font)                  OMX/cmex/m/n --> OMX/lmex/m/n on input line 29.
LaTeX Font Info:    Overwriting math alphabet `\mathbf' in version `normal'
(Font)                  OT1/cmr/bx/n --> OT1/lmr/bx/n on input line 31.
LaTeX Font Info:    Overwriting math alphabet `\mathsf' in version `normal'
(Font)                  OT1/cmss/m/n --> OT1/lmss/m/n on input line 32.
LaTeX Font Info:    Overwriting math alphabet `\mathit' in version `normal'
(Font)                  OT1/cmr/m/it --> OT1/lmr/m/it on input line 33.
LaTeX Font Info:    Overwriting math alphabet `\mathtt' in version `normal'
(Font)                  OT1/cmtt/m/n --> OT1/lmtt/m/n on input line 34.
LaTeX Font Info:    Overwriting math alphabet `\mathbf' in version `bold'
(Font)                  OT1/cmr/bx/n --> OT1/lmr/bx/n on input line 35.
LaTeX Font Info:    Overwriting math alphabet `\mathsf' in version `bold'
(Font)                  OT1/cmss/bx/n --> OT1/lmss/bx/n on input line 36.
LaTeX Font Info:    Overwriting math alphabet `\mathit' in version `bold'
(Font)                  OT1/cmr/bx/it --> OT1/lmr/bx/it on input line 37.
LaTeX Font Info:    Overwriting math alphabet `\mathtt' in version `bold'
(Font)                  OT1/cmtt/m/n --> OT1/lmtt/m/n on input line 38.
) (c:/texlive/2021/texmf-dist/tex/latex/amsfonts/amsfonts.sty
Package: amsfonts 2013/01/14 v3.01 Basic AMSFonts support
\symAMSa=\mathgroup4
\symAMSb=\mathgroup5
LaTeX Font Info:    Redeclaring math symbol \hbar on input line 98.
LaTeX Font Info:    Overwriting math alphabet `\mathfrak' in version `bold'
(Font)                  U/euf/m/n --> U/euf/b/n on input line 106.
) (c:/texlive/2021/texmf-dist/tex/latex/hyperref/hyperref.sty
Package: hyperref 2022-02-21 v7.00n Hypertext links for LaTeX
 (c:/texlive/2021/texmf-dist/tex/generic/pdfescape/pdfescape.sty
Package: pdfescape 2019/12/09 v1.15 Implements pdfTeX's escape features (HO)
) (c:/texlive/2021/texmf-dist/tex/latex/hycolor/hycolor.sty
Package: hycolor 2020-01-27 v1.10 Color options for hyperref/bookmark (HO)
) (c:/texlive/2021/texmf-dist/tex/latex/letltxmacro/letltxmacro.sty
Package: letltxmacro 2019/12/03 v1.6 Let assignment for LaTeX macros (HO)
) (c:/texlive/2021/texmf-dist/tex/latex/auxhook/auxhook.sty
Package: auxhook 2019-12-17 v1.6 Hooks for auxiliary files (HO)
)
\@linkdim=\dimen167
\Hy@linkcounter=\count281
\Hy@pagecounter=\count282
 (c:/texlive/2021/texmf-dist/tex/latex/hyperref/pd1enc.def
File: pd1enc.def 2022-02-21 v7.00n Hyperref: PDFDocEncoding definition (HO)
Now handling font encoding PD1 ...
... no UTF-8 mapping file for font encoding PD1
) (c:/texlive/2021/texmf-dist/tex/generic/intcalc/intcalc.sty
Package: intcalc 2019/12/15 v1.3 Expandable calculations with integers (HO)
) (c:/texlive/2021/texmf-dist/tex/generic/etexcmds/etexcmds.sty
Package: etexcmds 2019/12/15 v1.7 Avoid name clashes with e-TeX commands (HO)
)
\Hy@SavedSpaceFactor=\count283
 (c:/texlive/2021/texmf-dist/tex/latex/hyperref/puenc.def
File: puenc.def 2022-02-21 v7.00n Hyperref: PDF Unicode definition (HO)
Now handling font encoding PU ...
... no UTF-8 mapping file for font encoding PU
)
Package hyperref Info: Hyper figures OFF on input line 4137.
Package hyperref Info: Link nesting OFF on input line 4142.
Package hyperref Info: Hyper index ON on input line 4145.
Package hyperref Info: Plain pages OFF on input line 4152.
Package hyperref Info: Backreferencing OFF on input line 4157.
Package hyperref Info: Implicit mode ON; LaTeX internals redefined.
Package hyperref Info: Bookmarks ON on input line 4390.
\c@Hy@tempcnt=\count284
 (c:/texlive/2021/texmf-dist/tex/latex/url/url.sty
\Urlmuskip=\muskip17
Package: url 2013/09/16  ver 3.4  Verb mode for urls, etc.
)
LaTeX Info: Redefining \url on input line 4749.
\XeTeXLinkMargin=\dimen168
 (c:/texlive/2021/texmf-dist/tex/generic/bitset/bitset.sty
Package: bitset 2019/12/09 v1.3 Handle bit-vector datatype (HO)
 (c:/texlive/2021/texmf-dist/tex/generic/bigintcalc/bigintcalc.sty
Package: bigintcalc 2019/12/15 v1.5 Expandable calculations on big integers (HO)
))
\Fld@menulength=\count285
\Field@Width=\dimen169
\Fld@charsize=\dimen170
Package hyperref Info: Hyper figures OFF on input line 6027.
Package hyperref Info: Link nesting OFF on input line 6032.
Package hyperref Info: Hyper index ON on input line 6035.
Package hyperref Info: backreferencing OFF on input line 6042.
Package hyperref Info: Link coloring OFF on input line 6047.
Package hyperref Info: Link coloring with OCG OFF on input line 6052.
Package hyperref Info: PDF/A mode OFF on input line 6057.
LaTeX Info: Redefining \ref on input line 6097.
LaTeX Info: Redefining \pageref on input line 6101.
 (c:/texlive/2021/texmf-dist/tex/latex/base/atbegshi-ltx.sty
Package: atbegshi-ltx 2021/01/10 v1.0c Emulation of the original atbegshi
package with kernel methods
)
\Hy@abspage=\count286
\c@Item=\count287
\c@Hfootnote=\count288
)
Package hyperref Info: Driver (autodetected): hpdftex.
 (c:/texlive/2021/texmf-dist/tex/latex/hyperref/hpdftex.def
File: hpdftex.def 2022-02-21 v7.00n Hyperref driver for pdfTeX
 (c:/texlive/2021/texmf-dist/tex/latex/base/atveryend-ltx.sty
Package: atveryend-ltx 2020/08/19 v1.0a Emulation of the original atveryend package
with kernel methods
)
\Fld@listcount=\count289
\c@bookmark@seq@number=\count290
 (c:/texlive/2021/texmf-dist/tex/latex/rerunfilecheck/rerunfilecheck.sty
Package: rerunfilecheck 2019/12/05 v1.9 Rerun checks for auxiliary files (HO)
 (c:/texlive/2021/texmf-dist/tex/generic/uniquecounter/uniquecounter.sty
Package: uniquecounter 2019/12/15 v1.4 Provide unlimited unique counter (HO)
)
Package uniquecounter Info: New unique counter `rerunfilecheck' on input line 286.
)
\Hy@SectionHShift=\skip59
) (c:/texlive/2021/texmf-dist/tex/latex/xurl/xurl.sty
Package: xurl 2022/01/09 v 0.10 modify URL breaks
) (c:/texlive/2021/texmf-dist/tex/latex/braket/braket.sty) (c:/texlive/2021/texmf-dist/tex/latex/tools/longtable.sty
Package: longtable 2021-09-01 v4.17 Multi-page Table package (DPC)
\LTleft=\skip60
\LTright=\skip61
\LTpre=\skip62
\LTpost=\skip63
\LTchunksize=\count291
\LTcapwidth=\dimen171
\LT@head=\box57
\LT@firsthead=\box58
\LT@foot=\box59
\LT@lastfoot=\box60
\LT@gbox=\box61
\LT@cols=\count292
\LT@rows=\count293
\c@LT@tables=\count294
\c@LT@chunks=\count295
\LT@p@ftn=\toks28
) (c:/texlive/2021/texmf-dist/tex/latex/wrapfig/wrapfig.sty
\wrapoverhang=\dimen172
\WF@size=\dimen173
\c@WF@wrappedlines=\count296
\WF@box=\box62
\WF@everypar=\toks29
Package: wrapfig 2003/01/31  v 3.6
)
LaTeX Font Info:    Trying to load font information for T1+lmr on input line 52.
 (c:/texlive/2021/texmf-dist/tex/latex/lm/t1lmr.fd
File: t1lmr.fd 2015/05/01 v1.6.1 Font defs for Latin Modern
) (c:/texlive/2021/texmf-dist/tex/latex/l3backend/l3backend-pdftex.def
File: l3backend-pdftex.def 2022-02-07 L3 backend support: PDF output (pdfTeX)
\l__color_backend_stack_int=\count297
\l__pdf_internal_box=\box63
) (./thesis.aux)
\openout1 = `thesis.aux'.

LaTeX Font Info:    Checking defaults for OML/cmm/m/it on input line 52.
LaTeX Font Info:    ... okay on input line 52.
LaTeX Font Info:    Checking defaults for OMS/cmsy/m/n on input line 52.
LaTeX Font Info:    ... okay on input line 52.
LaTeX Font Info:    Checking defaults for OT1/cmr/m/n on input line 52.
LaTeX Font Info:    ... okay on input line 52.
LaTeX Font Info:    Checking defaults for T1/cmr/m/n on input line 52.
LaTeX Font Info:    ... okay on input line 52.
LaTeX Font Info:    Checking defaults for TS1/cmr/m/n on input line 52.
LaTeX Font Info:    ... okay on input line 52.
LaTeX Font Info:    Checking defaults for OMX/cmex/m/n on input line 52.
LaTeX Font Info:    ... okay on input line 52.
LaTeX Font Info:    Checking defaults for U/cmr/m/n on input line 52.
LaTeX Font Info:    ... okay on input line 52.
LaTeX Font Info:    Checking defaults for PD1/pdf/m/n on input line 52.
LaTeX Font Info:    ... okay on input line 52.
LaTeX Font Info:    Checking defaults for PU/pdf/m/n on input line 52.
LaTeX Font Info:    ... okay on input line 52.
 (c:/texlive/2021/texmf-dist/tex/context/base/mkii/supp-pdf.mkii
[Loading MPS to PDF converter (version 2006.09.02).]
\scratchcounter=\count298
\scratchdimen=\dimen174
\scratchbox=\box64
\nofMPsegments=\count299
\nofMParguments=\count300
\everyMPshowfont=\toks30
\MPscratchCnt=\count301
\MPscratchDim=\dimen175
\MPnumerator=\count302
\makeMPintoPDFobject=\count303
\everyMPtoPDFconversion=\toks31
)
\symgns@font=\mathgroup6
LaTeX Font Info:    Overwriting symbol font `gns@font' in version `bold'
(Font)                  TS1/lmr/m/n --> TS1/lmr/b/n on input line 52.
Package gensymb Info: Math companion symbols declared on input line 52.
LaTeX Info: Redefining \degree on input line 52.
LaTeX Info: Redefining \celsius on input line 52.
Package gensymb Info: Using text companion symbols for \degree, \celsius and \perthousand on input line 52.
LaTeX Info: Redefining \ohm on input line 52.
Package gensymb Info: Using \textohm for \ohm on input line 52.
Package gensymb Info: Using \textmu for \micro on input line 52.
Package hyperref Info: Link coloring OFF on input line 52.
 (c:/texlive/2021/texmf-dist/tex/latex/hyperref/nameref.sty
Package: nameref 2021-04-02 v2.47 Cross-referencing by name of section
 (c:/texlive/2021/texmf-dist/tex/latex/refcount/refcount.sty
Package: refcount 2019/12/15 v3.6 Data extraction from label references (HO)
) (c:/texlive/2021/texmf-dist/tex/generic/gettitlestring/gettitlestring.sty
Package: gettitlestring 2019/12/15 v1.6 Cleanup title references (HO)
)
\c@section@level=\count304
)
LaTeX Info: Redefining \ref on input line 52.
LaTeX Info: Redefining \pageref on input line 52.
LaTeX Info: Redefining \nameref on input line 52.
 (./thesis.out) (./thesis.out)
\@outlinefile=\write3
\openout3 = `thesis.out'.

LaTeX Font Info:    Trying to load font information for OT1+lmr on input line 54.
 (c:/texlive/2021/texmf-dist/tex/latex/lm/ot1lmr.fd
File: ot1lmr.fd 2015/05/01 v1.6.1 Font defs for Latin Modern
)
LaTeX Font Info:    Trying to load font information for OML+lmm on input line 54.
 (c:/texlive/2021/texmf-dist/tex/latex/lm/omllmm.fd
File: omllmm.fd 2015/05/01 v1.6.1 Font defs for Latin Modern
)
LaTeX Font Info:    Trying to load font information for OMS+lmsy on input line 54.
 (c:/texlive/2021/texmf-dist/tex/latex/lm/omslmsy.fd
File: omslmsy.fd 2015/05/01 v1.6.1 Font defs for Latin Modern
)
LaTeX Font Info:    Trying to load font information for OMX+lmex on input line 54.
 (c:/texlive/2021/texmf-dist/tex/latex/lm/omxlmex.fd
File: omxlmex.fd 2015/05/01 v1.6.1 Font defs for Latin Modern
)
LaTeX Font Info:    External font `lmex10' loaded for size
(Font)              <12> on input line 54.
LaTeX Font Info:    External font `lmex10' loaded for size
(Font)              <8> on input line 54.
LaTeX Font Info:    External font `lmex10' loaded for size
(Font)              <6> on input line 54.
LaTeX Font Info:    Trying to load font information for U+msa on input line 54.
 (c:/texlive/2021/texmf-dist/tex/latex/amsfonts/umsa.fd
File: umsa.fd 2013/01/14 v3.01 AMS symbols A
)
LaTeX Font Info:    Trying to load font information for U+msb on input line 54.
 (c:/texlive/2021/texmf-dist/tex/latex/amsfonts/umsb.fd
File: umsb.fd 2013/01/14 v3.01 AMS symbols B
)
LaTeX Font Info:    Trying to load font information for TS1+lmr on input line 54.
 (c:/texlive/2021/texmf-dist/tex/latex/lm/ts1lmr.fd
File: ts1lmr.fd 2015/05/01 v1.6.1 Font defs for Latin Modern
) [1

{c:/texlive/2021/texmf-var/fonts/map/pdftex/updmap/pdftex.map}]
LaTeX Font Info:    External font `lmex10' loaded for size
(Font)              <10.95> on input line 57.

Overfull \hbox (21.74101pt too wide) in paragraph at lines 58--58
\T1/lmr/m/n/10.95 Obliczenia elek-trycznych mo-men-tów dipolowych dla dwuelek-tronowych dwu-ato-mowych cz¡steczek |
 []

pdfTeX warning (ext4): destination with the same identifier (name{page.1}) has been already used, duplicate ignored
<to be read again> 
                   \relax 
l.58 \end{abstract}
                    [1] (./thesis.toc)
\tf@toc=\write4
\openout4 = `thesis.toc'.

 [2


] [3

]
Chapter 1.
LaTeX Font Info:    External font `lmex10' loaded for size
(Font)              <24.88> on input line 79.
LaTeX Font Info:    External font `lmex10' loaded for size
(Font)              <20.74> on input line 79.
LaTeX Font Info:    External font `lmex10' loaded for size
(Font)              <17.28> on input line 79.


pdfTeX warning: pdflatex.exe (file ./system.pdf): PDF inclusion: found PDF version <1.7>, but at most version <1.5> allowed
<system.pdf, id=190, 2029.5825pt x 905.16489pt>
File: system.pdf Graphic file (type pdf)
<use system.pdf>
Package pdftex.def Info: system.pdf  used on input line 86.
(pdftex.def)             Requested size: 264.61333pt x 118.00703pt.
[4

 <./system.pdf>]
<oblate.pdf, id=215, 362.3146pt x 328.76926pt>
File: oblate.pdf Graphic file (type pdf)
<use oblate.pdf>
Package pdftex.def Info: oblate.pdf  used on input line 117.
(pdftex.def)             Requested size: 308.71106pt x 280.12741pt.
LaTeX Font Info:    External font `lmex10' loaded for size
(Font)              <14.4> on input line 124.
LaTeX Font Info:    External font `lmex10' loaded for size
(Font)              <10> on input line 124.
LaTeX Font Info:    External font `lmex10' loaded for size
(Font)              <7> on input line 124.
 [5 <./oblate.pdf>] [6]

pdfTeX warning: pdflatex.exe (file ./uno.pdf): PDF inclusion: found PDF version <1.7>, but at most version <1.5> allowed
<uno.pdf, id=282, 1470.49374pt x 1553.04141pt>
File: uno.pdf Graphic file (type pdf)
<use uno.pdf>
Package pdftex.def Info: uno.pdf  used on input line 179.
(pdftex.def)             Requested size: 132.30666pt x 139.72029pt.


pdfTeX warning: pdflatex.exe (file ./dos.pdf): PDF inclusion: found PDF version <1.7>, but at most version <1.5> allowed
<dos.pdf, id=283, 1481.535pt x 1510.88391pt>
File: dos.pdf Graphic file (type pdf)
<use dos.pdf>
Package pdftex.def Info: dos.pdf  used on input line 180.
(pdftex.def)             Requested size: 132.30666pt x 134.9132pt.


pdfTeX warning: pdflatex.exe (file ./tres.pdf): PDF inclusion: found PDF version <1.7>, but at most version <1.5> allowed
<tres.pdf, id=284, 1476.51625pt x 1483.78265pt>
File: tres.pdf Graphic file (type pdf)
<use tres.pdf>
Package pdftex.def Info: tres.pdf  used on input line 181.
(pdftex.def)             Requested size: 132.30666pt x 132.94601pt.


pdfTeX warning: pdflatex.exe (file ./quatro.pdf): PDF inclusion: found PDF version <1.7>, but at most version <1.5> allowed
<quatro.pdf, id=285, 1476.51625pt x 1478.7639pt>
File: quatro.pdf Graphic file (type pdf)
<use quatro.pdf>
Package pdftex.def Info: quatro.pdf  used on input line 182.
(pdftex.def)             Requested size: 132.30666pt x 132.49634pt.


pdfTeX warning: pdflatex.exe (file ./cinco.pdf): PDF inclusion: found PDF version <1.7>, but at most version <1.5> allowed
<cinco.pdf, id=286, 1591.9475pt x 1635.10875pt>
File: cinco.pdf Graphic file (type pdf)
<use cinco.pdf>
Package pdftex.def Info: cinco.pdf  used on input line 183.
(pdftex.def)             Requested size: 132.30666pt x 135.87616pt.


pdfTeX warning: pdflatex.exe (file ./seis.pdf): PDF inclusion: found PDF version <1.7>, but at most version <1.5> allowed
<seis.pdf, id=287, 1591.9475pt x 1660.2025pt>
File: seis.pdf Graphic file (type pdf)
<use seis.pdf>
Package pdftex.def Info: seis.pdf  used on input line 184.
(pdftex.def)             Requested size: 132.30666pt x 137.96143pt.


pdfTeX warning: pdflatex.exe (file ./ocho.pdf): PDF inclusion: found PDF version <1.7>, but at most version <1.5> allowed
<ocho.pdf, id=288, 1591.9475pt x 1668.23274pt>
File: ocho.pdf Graphic file (type pdf)
<use ocho.pdf>
Package pdftex.def Info: ocho.pdf  used on input line 185.
(pdftex.def)             Requested size: 132.30666pt x 138.62874pt.


pdfTeX warning: pdflatex.exe (file ./nueve.pdf): PDF inclusion: found PDF version <1.7>, but at most version <1.5> allowed
<nueve.pdf, id=289, 1591.9475pt x 1665.2215pt>
File: nueve.pdf Graphic file (type pdf)
<use nueve.pdf>
Package pdftex.def Info: nueve.pdf  used on input line 186.
(pdftex.def)             Requested size: 132.30666pt x 138.37851pt.
<Picture1.pdf, id=290, 1416.79312pt x 1544.77126pt>
File: Picture1.pdf Graphic file (type pdf)
<use Picture1.pdf>
Package pdftex.def Info: Picture1.pdf  used on input line 187.
(pdftex.def)             Requested size: 132.30666pt x 144.25624pt.
[7 <./uno.pdf> <./dos.pdf> <./tres.pdf> <./quatro.pdf> <./cinco.pdf> <./seis.pdf> <./ocho.pdf> <./nueve.pdf> <./Picture1.pdf>] [8]
Chapter 2.
[9

] [10]
Chapter 3.


pdfTeX warning: pdflatex.exe (file ./systemVec.pdf): PDF inclusion: found PDF version <1.7>, but at most version <1.5> allowed
<systemVec.pdf, id=2278, 2029.5825pt x 905.16489pt>
File: systemVec.pdf Graphic file (type pdf)
<use systemVec.pdf>
Package pdftex.def Info: systemVec.pdf  used on input line 273.
(pdftex.def)             Requested size: 264.61333pt x 118.00703pt.
[11

 <./systemVec.pdf>] [12]
Chapter 4.


pdfTeX warning: pdflatex.exe (file ./heh+.pdf): PDF inclusion: found PDF version <1.7>, but at most version <1.5> allowed
<heh+.pdf, id=2310, 2029.5825pt x 905.16489pt>
File: heh+.pdf Graphic file (type pdf)
<use heh+.pdf>
Package pdftex.def Info: heh+.pdf  used on input line 328.
(pdftex.def)             Requested size: 352.81552pt x 157.34273pt.
[13

 <./heh+.pdf>] [14]
Chapter 5.
<E9.5.pdf, id=2334, 462.52798pt x 346.89601pt>
File: E9.5.pdf Graphic file (type pdf)
<use E9.5.pdf>
Package pdftex.def Info: E9.5.pdf  used on input line 360.
(pdftex.def)             Requested size: 352.81552pt x 264.62294pt.
[15

 <./E9.5.pdf>]
<14E.pdf, id=2382, 462.52798pt x 346.89601pt>
File: 14E.pdf Graphic file (type pdf)
<use 14E.pdf>
Package pdftex.def Info: 14E.pdf  used on input line 410.
(pdftex.def)             Requested size: 436.60997pt x 327.4744pt.
 [16]
<14E_beginning.pdf, id=2392, 462.52798pt x 346.89601pt>
File: 14E_beginning.pdf Graphic file (type pdf)
<use 14E_beginning.pdf>
Package pdftex.def Info: 14E_beginning.pdf  used on input line 417.
(pdftex.def)             Requested size: 216.1011pt x 162.07777pt.
<14E_ending.pdf, id=2393, 462.52798pt x 346.89601pt>
File: 14E_ending.pdf Graphic file (type pdf)
<use 14E_ending.pdf>
Package pdftex.def Info: 14E_ending.pdf  used on input line 418.
(pdftex.def)             Requested size: 216.1011pt x 162.07777pt.
<empty.pdf, id=2394, 462.52798pt x 346.89601pt>
File: empty.pdf Graphic file (type pdf)
<use empty.pdf>
Package pdftex.def Info: empty.pdf  used on input line 419.
(pdftex.def)             Requested size: 216.1011pt x 162.07777pt.
<14_ending_dos.pdf, id=2395, 462.52798pt x 346.89601pt>
File: 14_ending_dos.pdf Graphic file (type pdf)
<use 14_ending_dos.pdf>
Package pdftex.def Info: 14_ending_dos.pdf  used on input line 420.
(pdftex.def)             Requested size: 216.1011pt x 162.07777pt.
 [17 <./14E.pdf>] [18 <./14E_beginning.pdf> <./14E_ending.pdf> <./empty.pdf> <./14_ending_dos.pdf>]
<14D.pdf, id=2557, 462.52798pt x 346.89601pt>
File: 14D.pdf Graphic file (type pdf)
<use 14D.pdf>
Package pdftex.def Info: 14D.pdf  used on input line 454.
(pdftex.def)             Requested size: 436.60997pt x 327.4744pt.
<14D_partial.pdf, id=2558, 462.52798pt x 346.89601pt>
File: 14D_partial.pdf Graphic file (type pdf)
<use 14D_partial.pdf>
Package pdftex.def Info: 14D_partial.pdf  used on input line 461.
(pdftex.def)             Requested size: 216.1011pt x 162.07777pt.
<14_partial2.pdf, id=2559, 462.52798pt x 346.89601pt>
File: 14_partial2.pdf Graphic file (type pdf)
<use 14_partial2.pdf>
Package pdftex.def Info: 14_partial2.pdf  used on input line 462.
(pdftex.def)             Requested size: 216.1011pt x 162.07777pt.
<14_partial_uno.pdf, id=2560, 462.52798pt x 346.89601pt>
File: 14_partial_uno.pdf Graphic file (type pdf)
<use 14_partial_uno.pdf>
Package pdftex.def Info: 14_partial_uno.pdf  used on input line 463.
(pdftex.def)             Requested size: 216.1011pt x 162.07777pt.
<14_partial2_uno.pdf, id=2561, 462.52798pt x 346.89601pt>
File: 14_partial2_uno.pdf Graphic file (type pdf)
<use 14_partial2_uno.pdf>
Package pdftex.def Info: 14_partial2_uno.pdf  used on input line 464.
(pdftex.def)             Requested size: 216.1011pt x 162.07777pt.
 [19 <./14D.pdf>] [20 <./14D_partial.pdf> <./14_partial2.pdf> <./14_partial_uno.pdf> <./14_partial2_uno.pdf>] [21]
Chapter 6.
<0,5 (2).pdf, id=2746, 462.52798pt x 346.89601pt>
File: 0,5 (2).pdf Graphic file (type pdf)
<use 0,5 (2).pdf>
Package pdftex.def Info: 0,5 (2).pdf  used on input line 551.
(pdftex.def)             Requested size: 216.1011pt x 162.07777pt.
<0,5 (3).pdf, id=2747, 462.52798pt x 346.89601pt>
File: 0,5 (3).pdf Graphic file (type pdf)
<use 0,5 (3).pdf>
Package pdftex.def Info: 0,5 (3).pdf  used on input line 552.
(pdftex.def)             Requested size: 216.1011pt x 162.07777pt.
<0,5 (1).pdf, id=2748, 462.52798pt x 346.89601pt>
File: 0,5 (1).pdf Graphic file (type pdf)
<use 0,5 (1).pdf>
Package pdftex.def Info: 0,5 (1).pdf  used on input line 553.
(pdftex.def)             Requested size: 216.1011pt x 162.07777pt.
<0,5 (4).pdf, id=2749, 462.52798pt x 346.89601pt>
File: 0,5 (4).pdf Graphic file (type pdf)
<use 0,5 (4).pdf>
Package pdftex.def Info: 0,5 (4).pdf  used on input line 554.
(pdftex.def)             Requested size: 216.1011pt x 162.07777pt.
[22

]
<1.5 (2).pdf, id=2756, 462.52798pt x 346.89601pt>
File: 1.5 (2).pdf Graphic file (type pdf)
<use 1.5 (2).pdf>
Package pdftex.def Info: 1.5 (2).pdf  used on input line 562.
(pdftex.def)             Requested size: 216.1011pt x 162.07777pt.
<1.5 (3).pdf, id=2757, 462.52798pt x 346.89601pt>
File: 1.5 (3).pdf Graphic file (type pdf)
<use 1.5 (3).pdf>
Package pdftex.def Info: 1.5 (3).pdf  used on input line 563.
(pdftex.def)             Requested size: 216.1011pt x 162.07777pt.
<1.5 (1).pdf, id=2758, 462.52798pt x 346.89601pt>
File: 1.5 (1).pdf Graphic file (type pdf)
<use 1.5 (1).pdf>
Package pdftex.def Info: 1.5 (1).pdf  used on input line 564.
(pdftex.def)             Requested size: 216.1011pt x 162.07777pt.
<1.5 (4).pdf, id=2759, 462.52798pt x 346.89601pt>
File: 1.5 (4).pdf Graphic file (type pdf)
<use 1.5 (4).pdf>
Package pdftex.def Info: 1.5 (4).pdf  used on input line 565.
(pdftex.def)             Requested size: 216.1011pt x 162.07777pt.
 [23 <./0,5 (2).pdf> <./0,5 (3).pdf> <./0,5 (1).pdf> <./0,5 (4).pdf>]
<7.5 (1).pdf, id=2849, 462.52798pt x 346.89601pt>
File: 7.5 (1).pdf Graphic file (type pdf)
<use 7.5 (1).pdf>
Package pdftex.def Info: 7.5 (1).pdf  used on input line 573.
(pdftex.def)             Requested size: 436.60997pt x 327.4744pt.
 [24 <./1.5 (2).pdf> <./1.5 (3).pdf> <./1.5 (1).pdf> <./1.5 (4).pdf>]
<15 (1).pdf, id=2940, 462.52798pt x 346.89601pt>
File: 15 (1).pdf Graphic file (type pdf)
<use 15 (1).pdf>
Package pdftex.def Info: 15 (1).pdf  used on input line 581.
(pdftex.def)             Requested size: 436.60997pt x 327.4744pt.
 [25 <./7.5 (1).pdf>] [26 <./15 (1).pdf>] [27] [28

] [29] [30] (./thesis.bbl) [31

] (./thesis.aux)
Package rerunfilecheck Info: File `thesis.out' has not changed.
(rerunfilecheck)             Checksum: 984160663507403500B5F93D0BBFD7D6;5589.
 ) 
Here is how much of TeX's memory you used:
 12578 strings out of 478278
 202258 string characters out of 5850546
 530253 words of memory out of 5000000
 30395 multiletter control sequences out of 15000+600000
 581369 words of font info for 113 fonts, out of 8000000 for 9000
 1141 hyphenation exceptions out of 8191
 68i,11n,76p,1213b,454s stack positions out of 5000i,500n,10000p,200000b,80000s
{c:/texlive/2021/texmf-dist/fonts/enc/dvips/lm/lm-ec.enc}{c:/texlive/2021/texmf-dist/fonts/enc/dvips/lm/lm-rm.enc}{c:/texlive/2021/texmf-dist/fonts/enc/dvips/lm/lm-mathex.enc}{c:/texlive/2021/texmf-dist/fonts/enc/dvips/lm/lm-mathsy.enc}{c:/texlive/2021/texmf-dist/fonts/enc/dvips/lm/lm-mathit.enc}<c:/texlive/2021/texmf-dist/fonts/type1/public/lm/lmbx10.pfb><c:/texlive/2021/texmf-dist/fonts/type1/public/lm/lmbx12.pfb><c:/texlive/2021/texmf-dist/fonts/type1/public/lm/lmbx8.pfb><c:/texlive/2021/texmf-dist/fonts/type1/public/lm/lmex10.pfb><c:/texlive/2021/texmf-dist/fonts/type1/public/lm/lmmi10.pfb><c:/texlive/2021/texmf-dist/fonts/type1/public/lm/lmmi12.pfb><c:/texlive/2021/texmf-dist/fonts/type1/public/lm/lmmi6.pfb><c:/texlive/2021/texmf-dist/fonts/type1/public/lm/lmmi8.pfb><c:/texlive/2021/texmf-dist/fonts/type1/public/lm/lmr10.pfb><c:/texlive/2021/texmf-dist/fonts/type1/public/lm/lmr12.pfb><c:/texlive/2021/texmf-dist/fonts/type1/public/lm/lmr6.pfb><c:/texlive/2021/texmf-dist/fonts/type1/public/lm/lmr8.pfb><c:/texlive/2021/texmf-dist/fonts/type1/public/lm/lmri10.pfb><c:/texlive/2021/texmf-dist/fonts/type1/public/lm/lmsy10.pfb><c:/texlive/2021/texmf-dist/fonts/type1/public/lm/lmsy8.pfb>
Output written on thesis.pdf (32 pages, 10569845 bytes).
PDF statistics:
 3134 PDF objects out of 3580 (max. 8388607)
 1683 compressed objects within 17 object streams
 120 named destinations out of 1000 (max. 500000)
 419 words of extra memory for PDF output out of 10000 (max. 10000000)

